<?xml version="1.0" encoding="UTF-8"?>
<!-- Generated by org.testng.reporters.JUnitXMLReporter -->
<testsuite ignored="0" hostname="DESKTOP-BV0SH2L" failures="0" tests="3" name="Test" time="44.304" errors="0" timestamp="2025-12-09T15:49:52 SAST">
  <testcase classname="testCases.TC001_AccountRegistrationTest" name="verify_account_registration" time="6.574"/>
  <testcase classname="testCases.TC002_LoginTest" name="verify_login" time="4.286"/>
  <testcase classname="testCases.TC004_SearchProductTest" name="verify_prod_search" time="8.637"/>
</testsuite> <!-- Test -->
