<?xml version="1.0" encoding="UTF-8"?>
<!-- Generated by org.testng.reporters.JUnitXMLReporter -->
<testsuite ignored="0" hostname="DESKTOP-BV0SH2L" failures="0" tests="3" name="Test" time="40.476" errors="0" timestamp="2025-12-09T15:04:20 SAST">
  <testcase classname="testCases.TC001_AccountRegistrationTest" name="verify_account_registration" time="3.391"/>
  <testcase classname="testCases.TC002_LoginTest" name="verify_login" time="2.354"/>
  <testcase classname="testCases.TC004_SearchProductTest" name="verify_prod_search" time="16.427"/>
</testsuite> <!-- Test -->
