<?xml version="1.0" encoding="UTF-8"?>
<!-- Generated by org.testng.reporters.JUnitXMLReporter -->
<testsuite ignored="0" hostname="DESKTOP-BV0SH2L" failures="1" tests="4" name="Test" time="65.276" errors="0" timestamp="2025-12-15T10:56:04 SAST">
  <testcase classname="testCases.TC001_AccountRegistrationTest" name="verify_account_registration" time="3.889"/>
  <testcase classname="testCases.TC002_LoginTest" name="verify_login" time="2.436"/>
  <testcase classname="testCases.TC004_SearchProductTest" name="verify_prod_search" time="14.76"/>
  <testcase classname="testCases.TC005_AddToCartPageTest" name="verify_addToCart" time="18.175">
    <failure type="java.lang.AssertionError" message="null">
      <![CDATA[java.lang.AssertionError: null
at testCases.TC005_AddToCartPageTest.verify_addToCart(TC005_AddToCartPageTest.java:52)
at java.base/java.util.ArrayList.forEach(ArrayList.java:1596)
... Removed 27 stack frames]]>
    </failure>
  </testcase> <!-- verify_addToCart -->
</testsuite> <!-- Test -->
