<?xml version="1.0" encoding="UTF-8"?>
<!-- Generated by org.testng.reporters.JUnitXMLReporter -->
<testsuite ignored="0" hostname="DESKTOP-BV0SH2L" failures="0" tests="1" name="searchprod" time="0.145" errors="0" timestamp="2025-12-09T14:39:12 SAST">
  <testcase classname="testBase.BaseClass" name="@BeforeClass setup" time="-1.765283952254E9">
    <failure type="org.testng.TestNGException" message="
Parameter &amp;apos;os&amp;apos; is required by BeforeClass on method setup but has not been marked @Optional or defined
in C:\workspaces\java selenium\OpencartV121\testng.xml">
      <![CDATA[org.testng.TestNGException: 
Parameter 'os' is required by BeforeClass on method setup but has not been marked @Optional or defined
in C:\workspaces\java selenium\OpencartV121\testng.xml
at java.base/java.util.ArrayList.forEach(ArrayList.java:1596)
... Removed 22 stack frames]]>
    </failure>
  </testcase> <!-- @BeforeClass setup -->
  <testcase classname="testBase.BaseClass" name="@AfterClass tearDown" time="0.0">
    <skipped/>
  </testcase> <!-- @AfterClass tearDown -->
  <testcase classname="testCases.TC004_SearchProductTest" name="verify_prod_search" time="0.0">
    <skipped/>
  </testcase> <!-- verify_prod_search -->
</testsuite> <!-- searchprod -->
