<?xml version="1.0" encoding="UTF-8"?>
<testng-results ignored="0" total="3" passed="3" failed="0" skipped="0">
  <reporter-output>
  </reporter-output>
  <suite started-at="2025-12-09T15:49:05 SAST" name="Master Suite" finished-at="2025-12-09T15:49:50 SAST" duration-ms="44304">
    <groups>
      <group name="Master">
        <method signature="TC001_AccountRegistrationTest.verify_account_registration()[pri:0, instance:testCases.TC001_AccountRegistrationTest@7cbc3762]" name="verify_account_registration" class="testCases.TC001_AccountRegistrationTest"/>
        <method signature="TC002_LoginTest.verify_login()[pri:0, instance:testCases.TC002_LoginTest@78f5c518]" name="verify_login" class="testCases.TC002_LoginTest"/>
        <method signature="TC004_SearchProductTest.verify_prod_search()[pri:0, instance:testCases.TC004_SearchProductTest@2f48b3d2]" name="verify_prod_search" class="testCases.TC004_SearchProductTest"/>
      </group> <!-- Master -->
      <group name="Sanity">
        <method signature="TC002_LoginTest.verify_login()[pri:0, instance:testCases.TC002_LoginTest@78f5c518]" name="verify_login" class="testCases.TC002_LoginTest"/>
        <method signature="TC004_SearchProductTest.verify_prod_search()[pri:0, instance:testCases.TC004_SearchProductTest@2f48b3d2]" name="verify_prod_search" class="testCases.TC004_SearchProductTest"/>
      </group> <!-- Sanity -->
      <group name="Regression">
        <method signature="TC001_AccountRegistrationTest.verify_account_registration()[pri:0, instance:testCases.TC001_AccountRegistrationTest@7cbc3762]" name="verify_account_registration" class="testCases.TC001_AccountRegistrationTest"/>
      </group> <!-- Regression -->
    </groups>
    <test started-at="2025-12-09T15:49:05 SAST" name="Test" finished-at="2025-12-09T15:49:50 SAST" duration-ms="44304">
      <class name="testCases.TC004_SearchProductTest">
        <test-method is-config="true" signature="setup(java.lang.String,java.lang.String)[pri:0, instance:testCases.TC004_SearchProductTest@2f48b3d2]" started-at="2025-12-09T15:49:34 SAST" name="setup" finished-at="2025-12-09T15:49:40 SAST" duration-ms="6523" status="PASS">
          <params>
            <param index="0">
              <value>
                <![CDATA[Windows]]>
              </value>
            </param>
            <param index="1">
              <value>
                <![CDATA[chrome]]>
              </value>
            </param>
          </params>
          <reporter-output>
          </reporter-output>
        </test-method> <!-- setup -->
        <test-method signature="verify_prod_search()[pri:0, instance:testCases.TC004_SearchProductTest@2f48b3d2]" started-at="2025-12-09T15:49:40 SAST" name="verify_prod_search" finished-at="2025-12-09T15:49:49 SAST" duration-ms="8637" status="PASS">
          <reporter-output>
          </reporter-output>
        </test-method> <!-- verify_prod_search -->
        <test-method is-config="true" signature="tearDown()[pri:0, instance:testCases.TC004_SearchProductTest@2f48b3d2]" started-at="2025-12-09T15:49:49 SAST" name="tearDown" finished-at="2025-12-09T15:49:50 SAST" duration-ms="726" status="PASS">
          <reporter-output>
          </reporter-output>
        </test-method> <!-- tearDown -->
      </class> <!-- testCases.TC004_SearchProductTest -->
      <class name="testCases.TC002_LoginTest">
        <test-method is-config="true" signature="setup(java.lang.String,java.lang.String)[pri:0, instance:testCases.TC002_LoginTest@78f5c518]" started-at="2025-12-09T15:49:22 SAST" name="setup" finished-at="2025-12-09T15:49:29 SAST" duration-ms="6721" status="PASS">
          <params>
            <param index="0">
              <value>
                <![CDATA[Windows]]>
              </value>
            </param>
            <param index="1">
              <value>
                <![CDATA[chrome]]>
              </value>
            </param>
          </params>
          <reporter-output>
          </reporter-output>
        </test-method> <!-- setup -->
        <test-method signature="verify_login()[pri:0, instance:testCases.TC002_LoginTest@78f5c518]" started-at="2025-12-09T15:49:29 SAST" name="verify_login" finished-at="2025-12-09T15:49:33 SAST" duration-ms="4286" status="PASS">
          <reporter-output>
          </reporter-output>
        </test-method> <!-- verify_login -->
        <test-method is-config="true" signature="tearDown()[pri:0, instance:testCases.TC002_LoginTest@78f5c518]" started-at="2025-12-09T15:49:33 SAST" name="tearDown" finished-at="2025-12-09T15:49:34 SAST" duration-ms="762" status="PASS">
          <reporter-output>
          </reporter-output>
        </test-method> <!-- tearDown -->
      </class> <!-- testCases.TC002_LoginTest -->
      <class name="testCases.TC001_AccountRegistrationTest">
        <test-method is-config="true" signature="setup(java.lang.String,java.lang.String)[pri:0, instance:testCases.TC001_AccountRegistrationTest@7cbc3762]" started-at="2025-12-09T15:49:06 SAST" name="setup" finished-at="2025-12-09T15:49:15 SAST" duration-ms="9050" status="PASS">
          <params>
            <param index="0">
              <value>
                <![CDATA[Windows]]>
              </value>
            </param>
            <param index="1">
              <value>
                <![CDATA[chrome]]>
              </value>
            </param>
          </params>
          <reporter-output>
          </reporter-output>
        </test-method> <!-- setup -->
        <test-method signature="verify_account_registration()[pri:0, instance:testCases.TC001_AccountRegistrationTest@7cbc3762]" started-at="2025-12-09T15:49:15 SAST" name="verify_account_registration" finished-at="2025-12-09T15:49:21 SAST" duration-ms="6574" status="PASS">
          <reporter-output>
          </reporter-output>
        </test-method> <!-- verify_account_registration -->
        <test-method is-config="true" signature="tearDown()[pri:0, instance:testCases.TC001_AccountRegistrationTest@7cbc3762]" started-at="2025-12-09T15:49:21 SAST" name="tearDown" finished-at="2025-12-09T15:49:22 SAST" duration-ms="423" status="PASS">
          <reporter-output>
          </reporter-output>
        </test-method> <!-- tearDown -->
      </class> <!-- testCases.TC001_AccountRegistrationTest -->
    </test> <!-- Test -->
  </suite> <!-- Master Suite -->
</testng-results>
