<?xml version="1.0" encoding="UTF-8"?>
<testng-results ignored="0" total="1" passed="1" failed="0" skipped="0">
  <reporter-output>
  </reporter-output>
  <suite started-at="2025-12-15T11:10:20 SAST" name="Failed suite [Master Suite]" finished-at="2025-12-15T11:10:32 SAST" duration-ms="12594">
    <groups>
      <group name="Master">
        <method signature="TC005_AddToCartPageTest.verify_addToCart()[pri:0, instance:testCases.TC005_AddToCartPageTest@3c989952]" name="verify_addToCart" class="testCases.TC005_AddToCartPageTest"/>
      </group> <!-- Master -->
      <group name="Sanity">
        <method signature="TC005_AddToCartPageTest.verify_addToCart()[pri:0, instance:testCases.TC005_AddToCartPageTest@3c989952]" name="verify_addToCart" class="testCases.TC005_AddToCartPageTest"/>
      </group> <!-- Sanity -->
    </groups>
    <test started-at="2025-12-15T11:10:20 SAST" name="Test(failed)" finished-at="2025-12-15T11:10:32 SAST" duration-ms="12594">
      <class name="testCases.TC005_AddToCartPageTest">
        <test-method is-config="true" signature="setup(java.lang.String,java.lang.String)[pri:0, instance:testCases.TC005_AddToCartPageTest@3c989952]" started-at="2025-12-15T11:10:20 SAST" name="setup" finished-at="2025-12-15T11:10:26 SAST" duration-ms="6406" status="PASS">
          <params>
            <param index="0">
              <value>
                <![CDATA[Windows]]>
              </value>
            </param>
            <param index="1">
              <value>
                <![CDATA[chrome]]>
              </value>
            </param>
          </params>
          <reporter-output>
          </reporter-output>
        </test-method> <!-- setup -->
        <test-method signature="verify_addToCart()[pri:0, instance:testCases.TC005_AddToCartPageTest@3c989952]" started-at="2025-12-15T11:10:26 SAST" name="verify_addToCart" finished-at="2025-12-15T11:10:32 SAST" duration-ms="5259" status="PASS">
          <reporter-output>
          </reporter-output>
        </test-method> <!-- verify_addToCart -->
        <test-method is-config="true" signature="tearDown()[pri:0, instance:testCases.TC005_AddToCartPageTest@3c989952]" started-at="2025-12-15T11:10:32 SAST" name="tearDown" finished-at="2025-12-15T11:10:32 SAST" duration-ms="458" status="PASS">
          <reporter-output>
          </reporter-output>
        </test-method> <!-- tearDown -->
      </class> <!-- testCases.TC005_AddToCartPageTest -->
    </test> <!-- Test(failed) -->
  </suite> <!-- Failed suite [Master Suite] -->
</testng-results>
