<?xml version="1.0" encoding="UTF-8"?>
<testng-results ignored="0" total="4" passed="4" failed="0" skipped="0">
  <reporter-output>
  </reporter-output>
  <suite started-at="2025-11-29T17:27:35 SAST" name="Master Suite" finished-at="2025-11-29T17:28:28 SAST" duration-ms="52971">
    <groups>
      <group name="Master">
        <method signature="TC001_AccountRegistrationTest.verify_account_registration()[pri:0, instance:testCases.TC001_AccountRegistrationTest@784b990c]" name="verify_account_registration" class="testCases.TC001_AccountRegistrationTest"/>
        <method signature="TC002_LoginTest.verify_login()[pri:0, instance:testCases.TC002_LoginTest@5c18016b]" name="verify_login" class="testCases.TC002_LoginTest"/>
        <method signature="TC001_AccountRegistrationTest.verify_account_registration()[pri:0, instance:testCases.TC001_AccountRegistrationTest@1c6804cd]" name="verify_account_registration" class="testCases.TC001_AccountRegistrationTest"/>
        <method signature="TC002_LoginTest.verify_login()[pri:0, instance:testCases.TC002_LoginTest@655f7ea]" name="verify_login" class="testCases.TC002_LoginTest"/>
      </group> <!-- Master -->
      <group name="Sanity">
        <method signature="TC002_LoginTest.verify_login()[pri:0, instance:testCases.TC002_LoginTest@5c18016b]" name="verify_login" class="testCases.TC002_LoginTest"/>
        <method signature="TC002_LoginTest.verify_login()[pri:0, instance:testCases.TC002_LoginTest@655f7ea]" name="verify_login" class="testCases.TC002_LoginTest"/>
      </group> <!-- Sanity -->
      <group name="Regression">
        <method signature="TC001_AccountRegistrationTest.verify_account_registration()[pri:0, instance:testCases.TC001_AccountRegistrationTest@784b990c]" name="verify_account_registration" class="testCases.TC001_AccountRegistrationTest"/>
        <method signature="TC001_AccountRegistrationTest.verify_account_registration()[pri:0, instance:testCases.TC001_AccountRegistrationTest@1c6804cd]" name="verify_account_registration" class="testCases.TC001_AccountRegistrationTest"/>
      </group> <!-- Regression -->
    </groups>
    <test started-at="2025-11-29T17:27:35 SAST" name="Linux-Firefox" finished-at="2025-11-29T17:28:07 SAST" duration-ms="32306">
      <class name="testCases.TC002_LoginTest">
        <test-method is-config="true" signature="setup(java.lang.String,java.lang.String)[pri:0, instance:testCases.TC002_LoginTest@5c18016b]" started-at="2025-11-29T17:27:53 SAST" name="setup" finished-at="2025-11-29T17:28:02 SAST" duration-ms="8876" status="PASS">
          <params>
            <param index="0">
              <value>
                <![CDATA[Linux]]>
              </value>
            </param>
            <param index="1">
              <value>
                <![CDATA[firefox]]>
              </value>
            </param>
          </params>
          <reporter-output>
          </reporter-output>
        </test-method> <!-- setup -->
        <test-method signature="verify_login()[pri:0, instance:testCases.TC002_LoginTest@5c18016b]" started-at="2025-11-29T17:28:02 SAST" name="verify_login" finished-at="2025-11-29T17:28:05 SAST" duration-ms="2682" status="PASS">
          <reporter-output>
          </reporter-output>
        </test-method> <!-- verify_login -->
        <test-method is-config="true" signature="tearDown()[pri:0, instance:testCases.TC002_LoginTest@5c18016b]" started-at="2025-11-29T17:28:05 SAST" name="tearDown" finished-at="2025-11-29T17:28:07 SAST" duration-ms="2236" status="PASS">
          <reporter-output>
          </reporter-output>
        </test-method> <!-- tearDown -->
      </class> <!-- testCases.TC002_LoginTest -->
      <class name="testCases.TC001_AccountRegistrationTest">
        <test-method is-config="true" signature="setup(java.lang.String,java.lang.String)[pri:0, instance:testCases.TC001_AccountRegistrationTest@784b990c]" started-at="2025-11-29T17:27:35 SAST" name="setup" finished-at="2025-11-29T17:27:46 SAST" duration-ms="10943" status="PASS">
          <params>
            <param index="0">
              <value>
                <![CDATA[Linux]]>
              </value>
            </param>
            <param index="1">
              <value>
                <![CDATA[firefox]]>
              </value>
            </param>
          </params>
          <reporter-output>
          </reporter-output>
        </test-method> <!-- setup -->
        <test-method signature="verify_account_registration()[pri:0, instance:testCases.TC001_AccountRegistrationTest@784b990c]" started-at="2025-11-29T17:27:46 SAST" name="verify_account_registration" finished-at="2025-11-29T17:27:50 SAST" duration-ms="3185" status="PASS">
          <reporter-output>
          </reporter-output>
        </test-method> <!-- verify_account_registration -->
        <test-method is-config="true" signature="tearDown()[pri:0, instance:testCases.TC001_AccountRegistrationTest@784b990c]" started-at="2025-11-29T17:27:50 SAST" name="tearDown" finished-at="2025-11-29T17:27:53 SAST" duration-ms="3898" status="PASS">
          <reporter-output>
          </reporter-output>
        </test-method> <!-- tearDown -->
      </class> <!-- testCases.TC001_AccountRegistrationTest -->
    </test> <!-- Linux-Firefox -->
    <test started-at="2025-11-29T17:28:09 SAST" name="Linux-Chrome" finished-at="2025-11-29T17:28:28 SAST" duration-ms="19255">
      <class name="testCases.TC002_LoginTest">
        <test-method is-config="true" signature="setup(java.lang.String,java.lang.String)[pri:0, instance:testCases.TC002_LoginTest@655f7ea]" started-at="2025-11-29T17:28:20 SAST" name="setup" finished-at="2025-11-29T17:28:25 SAST" duration-ms="5095" status="PASS">
          <params>
            <param index="0">
              <value>
                <![CDATA[Linux]]>
              </value>
            </param>
            <param index="1">
              <value>
                <![CDATA[chrome]]>
              </value>
            </param>
          </params>
          <reporter-output>
          </reporter-output>
        </test-method> <!-- setup -->
        <test-method signature="verify_login()[pri:0, instance:testCases.TC002_LoginTest@655f7ea]" started-at="2025-11-29T17:28:25 SAST" name="verify_login" finished-at="2025-11-29T17:28:28 SAST" duration-ms="2981" status="PASS">
          <reporter-output>
          </reporter-output>
        </test-method> <!-- verify_login -->
        <test-method is-config="true" signature="tearDown()[pri:0, instance:testCases.TC002_LoginTest@655f7ea]" started-at="2025-11-29T17:28:28 SAST" name="tearDown" finished-at="2025-11-29T17:28:28 SAST" duration-ms="266" status="PASS">
          <reporter-output>
          </reporter-output>
        </test-method> <!-- tearDown -->
      </class> <!-- testCases.TC002_LoginTest -->
      <class name="testCases.TC001_AccountRegistrationTest">
        <test-method is-config="true" signature="setup(java.lang.String,java.lang.String)[pri:0, instance:testCases.TC001_AccountRegistrationTest@1c6804cd]" started-at="2025-11-29T17:28:09 SAST" name="setup" finished-at="2025-11-29T17:28:16 SAST" duration-ms="7081" status="PASS">
          <params>
            <param index="0">
              <value>
                <![CDATA[Linux]]>
              </value>
            </param>
            <param index="1">
              <value>
                <![CDATA[chrome]]>
              </value>
            </param>
          </params>
          <reporter-output>
          </reporter-output>
        </test-method> <!-- setup -->
        <test-method signature="verify_account_registration()[pri:0, instance:testCases.TC001_AccountRegistrationTest@1c6804cd]" started-at="2025-11-29T17:28:16 SAST" name="verify_account_registration" finished-at="2025-11-29T17:28:19 SAST" duration-ms="3556" status="PASS">
          <reporter-output>
          </reporter-output>
        </test-method> <!-- verify_account_registration -->
        <test-method is-config="true" signature="tearDown()[pri:0, instance:testCases.TC001_AccountRegistrationTest@1c6804cd]" started-at="2025-11-29T17:28:19 SAST" name="tearDown" finished-at="2025-11-29T17:28:20 SAST" duration-ms="258" status="PASS">
          <reporter-output>
          </reporter-output>
        </test-method> <!-- tearDown -->
      </class> <!-- testCases.TC001_AccountRegistrationTest -->
    </test> <!-- Linux-Chrome -->
  </suite> <!-- Master Suite -->
</testng-results>
