<?xml version="1.0" encoding="UTF-8"?>
<!-- Generated by org.testng.reporters.JUnitReportReporter -->
<testsuite hostname="DESKTOP-BV0SH2L" failures="0" tests="2" name="testCases.TC001_AccountRegistrationTest" time="6.741" errors="0" timestamp="2025-11-29T17:28:29 SAST" skipped="0">
  <testcase classname="testCases.TC001_AccountRegistrationTest" name="verify_account_registration" time="3.185"/>
  <testcase classname="testCases.TC001_AccountRegistrationTest" name="verify_account_registration" time="3.556"/>
</testsuite> <!-- testCases.TC001_AccountRegistrationTest -->
