<?xml version="1.0" encoding="UTF-8"?>
<!-- Generated by org.testng.reporters.JUnitReportReporter -->
<testsuite hostname="DESKTOP-BV0SH2L" failures="0" tests="5" name="testCases.TC003_LoginDDT" time="63.741" errors="0" timestamp="2025-11-28T07:30:15 SAST" skipped="0">
  <testcase classname="testCases.TC003_LoginDDT" name="verify_loginDDT" time="15.701"/>
  <testcase classname="testCases.TC003_LoginDDT" name="verify_loginDDT" time="9.842"/>
  <testcase classname="testCases.TC003_LoginDDT" name="verify_loginDDT" time="7.112"/>
  <testcase classname="testCases.TC003_LoginDDT" name="verify_loginDDT" time="15.471"/>
  <testcase classname="testCases.TC003_LoginDDT" name="verify_loginDDT" time="15.615"/>
</testsuite> <!-- testCases.TC003_LoginDDT -->
